app/build/intermediates/manifest_merge_blame_file/debug/manifest-merger-blame-debug-report.txt
1<?xml version="1.0" encoding="utf-8"?>
2<manifest xmlns:android="http://schemas.android.com/apk/res/android"
3    package="com.aromaingenuity.sauni"
4    android:versionCode="1"
5    android:versionName="1.0" >
6
7    <uses-sdk
8        android:minSdkVersion="22"
8-->src/main/AndroidManifest.xml
9        android:targetSdkVersion="28" />
9-->src/main/AndroidManifest.xml
10
11    <supports-screens
11-->src/main/AndroidManifest.xml:5:5-9:39
12        android:anyDensity="true"
12-->src/main/AndroidManifest.xml:6:9-34
13        android:largeScreens="true"
13-->src/main/AndroidManifest.xml:7:9-36
14        android:normalScreens="true"
14-->src/main/AndroidManifest.xml:8:9-37
15        android:smallScreens="true" />
15-->src/main/AndroidManifest.xml:9:9-36
16
17    <uses-permission android:name="android.permission.INTERNET" />
17-->src/main/AndroidManifest.xml:11:5-67
17-->src/main/AndroidManifest.xml:11:22-64
18    <uses-permission android:name="android.permission.ACCESS_NETWORK_STATE" />
18-->src/main/AndroidManifest.xml:12:5-79
18-->src/main/AndroidManifest.xml:12:22-76
19    <uses-permission android:name="android.permission.ACCESS_WIFI_STATE" />
19-->src/main/AndroidManifest.xml:13:5-76
19-->src/main/AndroidManifest.xml:13:22-73
20    <uses-permission android:name="android.permission.ACCESS_COARSE_LOCATION" />
20-->src/main/AndroidManifest.xml:14:5-81
20-->src/main/AndroidManifest.xml:14:22-78
21    <uses-permission android:name="android.permission.WRITE_EXTERNAL_STORAGE" />
21-->src/main/AndroidManifest.xml:15:5-81
21-->src/main/AndroidManifest.xml:15:22-78
22    <uses-permission android:name="android.permission.READ_PHONE_STATE" />
22-->src/main/AndroidManifest.xml:16:5-75
22-->src/main/AndroidManifest.xml:16:22-72
23
24    <!-- Optional permission for Analytics to run. -->
25    <uses-permission android:name="android.permission.WAKE_LOCK" /> <!-- Required by older versions of Google Play services to create GCM registration tokens -->
25-->[com.google.android.gms:play-services-analytics:12.0.1] AndroidManifest.xml:27:5-68
25-->[com.google.android.gms:play-services-analytics:12.0.1] AndroidManifest.xml:27:22-65
26    <uses-permission android:name="com.google.android.c2dm.permission.RECEIVE" />
26-->[com.google.android.gms:play-services-gcm:12.0.1] AndroidManifest.xml:23:5-82
26-->[com.google.android.gms:play-services-gcm:12.0.1] AndroidManifest.xml:23:22-79
27
28    <uses-feature
28-->[com.google.android.gms:play-services-maps:12.0.1] AndroidManifest.xml:26:5-28:35
29        android:glEsVersion="0x00020000"
29-->[com.google.android.gms:play-services-maps:12.0.1] AndroidManifest.xml:27:9-41
30        android:required="true" />
30-->[com.google.android.gms:play-services-maps:12.0.1] AndroidManifest.xml:28:9-32
31
32    <permission
32-->[com.google.firebase:firebase-iid:12.0.1] AndroidManifest.xml:28:5-30:47
33        android:name="com.aromaingenuity.sauni.permission.C2D_MESSAGE"
33-->[com.google.firebase:firebase-iid:12.0.1] AndroidManifest.xml:29:9-63
34        android:protectionLevel="signature" />
34-->[com.google.firebase:firebase-iid:12.0.1] AndroidManifest.xml:30:9-44
35
36    <uses-permission android:name="com.aromaingenuity.sauni.permission.C2D_MESSAGE" />
36-->[com.google.firebase:firebase-iid:12.0.1] AndroidManifest.xml:32:5-79
36-->[com.google.firebase:firebase-iid:12.0.1] AndroidManifest.xml:32:22-76
37
38    <application
38-->src/main/AndroidManifest.xml:18:5-62:19
39        android:name="com.android.MemoryManager"
39-->src/main/AndroidManifest.xml:19:9-49
40        android:allowBackup="true"
40-->src/main/AndroidManifest.xml:20:9-35
41        android:debuggable="true"
42        android:icon="@mipmap/ic_launcher"
42-->src/main/AndroidManifest.xml:21:9-43
43        android:label="@string/app_name" >
43-->src/main/AndroidManifest.xml:22:9-41
44        <activity
44-->src/main/AndroidManifest.xml:23:9-30:20
45            android:name="com.buildbox.game.MainActivity"
45-->src/main/AndroidManifest.xml:23:19-64
46            android:theme="@style/Theme.AppCompat" >
46-->src/main/AndroidManifest.xml:24:13-51
47            <intent-filter>
47-->src/main/AndroidManifest.xml:25:13-29:29
48                <action android:name="android.intent.action.MAIN" />
48-->src/main/AndroidManifest.xml:26:17-69
48-->src/main/AndroidManifest.xml:26:25-66
49
50                <category android:name="android.intent.category.LAUNCHER" />
50-->src/main/AndroidManifest.xml:28:17-77
50-->src/main/AndroidManifest.xml:28:27-74
51            </intent-filter>
52        </activity>
53
54        <meta-data
54-->src/main/AndroidManifest.xml:32:9-34:69
55            android:name="com.google.android.gms.version"
55-->src/main/AndroidManifest.xml:33:13-58
56            android:value="@integer/google_play_services_version" />
56-->src/main/AndroidManifest.xml:34:13-66
57        <meta-data
57-->src/main/AndroidManifest.xml:35:9-37:46
58            android:name="com.google.android.gms.games.APP_ID"
58-->src/main/AndroidManifest.xml:36:13-63
59            android:value="@string/app_id" />
59-->src/main/AndroidManifest.xml:37:13-43
60
61        <activity
61-->src/main/AndroidManifest.xml:39:9-50:20
62            android:name="com.buildbox.game.PTPlayer"
62-->src/main/AndroidManifest.xml:40:13-54
63            android:configChanges="orientation"
63-->src/main/AndroidManifest.xml:41:13-48
64            android:label="@string/app_name"
64-->src/main/AndroidManifest.xml:42:13-45
65            android:screenOrientation="landscape"
65-->src/main/AndroidManifest.xml:43:13-50
66            android:theme="@android:style/Theme.NoTitleBar.Fullscreen" >
66-->src/main/AndroidManifest.xml:44:13-71
67
68            <!-- <intent-filter> -->
69            <!-- <action android:name="android.intent.action.MAIN" /> -->
70
71
72            <!-- <category android:name="android.intent.category.LAUNCHER" /> -->
73            <!-- </intent-filter> -->
74        </activity> <!-- FACEBOOK SDK -->
75        <!--
76        <activity android:name="com.facebook.ads.InterstitialAdActivity"
77            android:configChanges="keyboardHidden|orientation"
78            android:screenOrientation="portrait"/>
79        -->
80        <!-- FACEBOOK SDK -->
81        <!-- ADMOB -->
82        <activity
82-->src/main/AndroidManifest.xml:58:9-61:64
83            android:name="com.google.android.gms.ads.AdActivity"
83-->src/main/AndroidManifest.xml:59:13-65
84            android:configChanges="keyboard|keyboardHidden|orientation|screenLayout|uiMode|screenSize|smallestScreenSize"
84-->src/main/AndroidManifest.xml:60:13-122
85            android:exported="false"
85-->[com.google.android.gms:play-services-ads-lite:12.0.1] AndroidManifest.xml:32:13-37
86            android:theme="@android:style/Theme.Translucent" />
86-->src/main/AndroidManifest.xml:61:13-61
87
88        <receiver
88-->[com.google.android.gms:play-services-analytics:12.0.1] AndroidManifest.xml:30:9-34:20
89            android:name="com.google.android.gms.analytics.AnalyticsReceiver"
89-->[com.google.android.gms:play-services-analytics:12.0.1] AndroidManifest.xml:31:13-78
90            android:enabled="true"
90-->[com.google.android.gms:play-services-analytics:12.0.1] AndroidManifest.xml:32:13-35
91            android:exported="false" >
91-->[com.google.android.gms:play-services-analytics:12.0.1] AndroidManifest.xml:33:13-37
92        </receiver>
93
94        <service
94-->[com.google.android.gms:play-services-analytics:12.0.1] AndroidManifest.xml:36:9-39:40
95            android:name="com.google.android.gms.analytics.AnalyticsService"
95-->[com.google.android.gms:play-services-analytics:12.0.1] AndroidManifest.xml:37:13-77
96            android:enabled="true"
96-->[com.google.android.gms:play-services-analytics:12.0.1] AndroidManifest.xml:38:13-35
97            android:exported="false" />
97-->[com.google.android.gms:play-services-analytics:12.0.1] AndroidManifest.xml:39:13-37
98        <service
98-->[com.google.android.gms:play-services-analytics:12.0.1] AndroidManifest.xml:40:9-44:72
99            android:name="com.google.android.gms.analytics.AnalyticsJobService"
99-->[com.google.android.gms:play-services-analytics:12.0.1] AndroidManifest.xml:41:13-80
100            android:enabled="true"
100-->[com.google.android.gms:play-services-analytics:12.0.1] AndroidManifest.xml:42:13-35
101            android:exported="false"
101-->[com.google.android.gms:play-services-analytics:12.0.1] AndroidManifest.xml:43:13-37
102            android:permission="android.permission.BIND_JOB_SERVICE" />
102-->[com.google.android.gms:play-services-analytics:12.0.1] AndroidManifest.xml:44:13-69
103
104        <activity
104-->[com.google.android.gms:play-services-appinvite:12.0.1] AndroidManifest.xml:25:9-34:20
105            android:name="com.google.android.gms.appinvite.PreviewActivity"
105-->[com.google.android.gms:play-services-appinvite:12.0.1] AndroidManifest.xml:26:13-76
106            android:exported="true"
106-->[com.google.android.gms:play-services-appinvite:12.0.1] AndroidManifest.xml:27:13-36
107            android:theme="@style/Theme.AppInvite.Preview" >
107-->[com.google.android.gms:play-services-appinvite:12.0.1] AndroidManifest.xml:28:13-59
108            <intent-filter>
108-->[com.google.android.gms:play-services-appinvite:12.0.1] AndroidManifest.xml:29:13-33:29
109                <action android:name="com.google.android.gms.appinvite.ACTION_PREVIEW" />
109-->[com.google.android.gms:play-services-appinvite:12.0.1] AndroidManifest.xml:30:17-90
109-->[com.google.android.gms:play-services-appinvite:12.0.1] AndroidManifest.xml:30:25-87
110
111                <category android:name="android.intent.category.DEFAULT" />
111-->[com.google.android.gms:play-services-appinvite:12.0.1] AndroidManifest.xml:32:17-76
111-->[com.google.android.gms:play-services-appinvite:12.0.1] AndroidManifest.xml:32:27-73
112            </intent-filter>
113        </activity>
114        <activity
114-->[com.google.android.gms:play-services-auth:12.0.1] AndroidManifest.xml:23:9-27:75
115            android:name="com.google.android.gms.auth.api.signin.internal.SignInHubActivity"
115-->[com.google.android.gms:play-services-auth:12.0.1] AndroidManifest.xml:24:13-93
116            android:excludeFromRecents="true"
116-->[com.google.android.gms:play-services-auth:12.0.1] AndroidManifest.xml:25:13-46
117            android:exported="false"
117-->[com.google.android.gms:play-services-auth:12.0.1] AndroidManifest.xml:26:13-37
118            android:theme="@android:style/Theme.Translucent.NoTitleBar" />
118-->[com.google.android.gms:play-services-auth:12.0.1] AndroidManifest.xml:27:13-72
119        <!--
120            Service handling Google Sign-In user revocation. For apps that do not integrate with
121            Google Sign-In, this service will never be started.
122        -->
123        <service
123-->[com.google.android.gms:play-services-auth:12.0.1] AndroidManifest.xml:33:9-36:110
124            android:name="com.google.android.gms.auth.api.signin.RevocationBoundService"
124-->[com.google.android.gms:play-services-auth:12.0.1] AndroidManifest.xml:34:13-89
125            android:exported="true"
125-->[com.google.android.gms:play-services-auth:12.0.1] AndroidManifest.xml:35:13-36
126            android:permission="com.google.android.gms.auth.api.signin.permission.REVOCATION_NOTIFICATION" />
126-->[com.google.android.gms:play-services-auth:12.0.1] AndroidManifest.xml:36:13-107
127
128        <receiver android:name="com.google.android.gms.cast.framework.media.MediaIntentReceiver" />
128-->[com.google.android.gms:play-services-cast-framework:12.0.1] AndroidManifest.xml:8:9-100
128-->[com.google.android.gms:play-services-cast-framework:12.0.1] AndroidManifest.xml:8:19-97
129
130        <service android:name="com.google.android.gms.cast.framework.media.MediaNotificationService" />
130-->[com.google.android.gms:play-services-cast-framework:12.0.1] AndroidManifest.xml:10:9-104
130-->[com.google.android.gms:play-services-cast-framework:12.0.1] AndroidManifest.xml:10:18-101
131        <service android:name="com.google.android.gms.cast.framework.ReconnectionService" />
131-->[com.google.android.gms:play-services-cast-framework:12.0.1] AndroidManifest.xml:11:9-93
131-->[com.google.android.gms:play-services-cast-framework:12.0.1] AndroidManifest.xml:11:18-90
132
133        <activity
133-->[com.google.firebase:firebase-auth:12.0.1] AndroidManifest.xml:23:9-29:75
134            android:name="com.google.firebase.auth.internal.FederatedSignInActivity"
134-->[com.google.firebase:firebase-auth:12.0.1] AndroidManifest.xml:24:13-85
135            android:excludeFromRecents="true"
135-->[com.google.firebase:firebase-auth:12.0.1] AndroidManifest.xml:25:13-46
136            android:exported="true"
136-->[com.google.firebase:firebase-auth:12.0.1] AndroidManifest.xml:26:13-36
137            android:launchMode="singleInstance"
137-->[com.google.firebase:firebase-auth:12.0.1] AndroidManifest.xml:27:13-48
138            android:permission="com.google.firebase.auth.api.gms.permission.LAUNCH_FEDERATED_SIGN_IN"
138-->[com.google.firebase:firebase-auth:12.0.1] AndroidManifest.xml:28:13-102
139            android:theme="@android:style/Theme.Translucent.NoTitleBar" />
139-->[com.google.firebase:firebase-auth:12.0.1] AndroidManifest.xml:29:13-72
140        <activity
140-->[com.google.android.gms:play-services-base:12.0.1] AndroidManifest.xml:23:9-26:75
141            android:name="com.google.android.gms.common.api.GoogleApiActivity"
141-->[com.google.android.gms:play-services-base:12.0.1] AndroidManifest.xml:24:13-79
142            android:exported="false"
142-->[com.google.android.gms:play-services-base:12.0.1] AndroidManifest.xml:25:13-37
143            android:theme="@android:style/Theme.Translucent.NoTitleBar" />
143-->[com.google.android.gms:play-services-base:12.0.1] AndroidManifest.xml:26:13-72
144        <!--
145             FirebaseMessagingService performs security checks at runtime,
146             no need for explicit permissions despite exported="true"
147        -->
148        <service
148-->[com.google.firebase:firebase-messaging:12.0.1] AndroidManifest.xml:28:9-34:19
149            android:name="com.google.firebase.messaging.FirebaseMessagingService"
149-->[com.google.firebase:firebase-messaging:12.0.1] AndroidManifest.xml:29:13-82
150            android:exported="true" >
150-->[com.google.firebase:firebase-messaging:12.0.1] AndroidManifest.xml:30:13-36
151            <intent-filter android:priority="-500" >
151-->[com.google.firebase:firebase-messaging:12.0.1] AndroidManifest.xml:31:13-33:29
151-->[com.google.firebase:firebase-messaging:12.0.1] AndroidManifest.xml:31:28-51
152                <action android:name="com.google.firebase.MESSAGING_EVENT" />
152-->[com.google.firebase:firebase-messaging:12.0.1] AndroidManifest.xml:32:17-78
152-->[com.google.firebase:firebase-messaging:12.0.1] AndroidManifest.xml:32:25-75
153            </intent-filter>
154        </service>
155        <service
155-->[com.google.android.gms:play-services-tagmanager-api:12.0.1] AndroidManifest.xml:27:9-30:40
156            android:name="com.google.android.gms.tagmanager.TagManagerService"
156-->[com.google.android.gms:play-services-tagmanager-api:12.0.1] AndroidManifest.xml:28:13-79
157            android:enabled="true"
157-->[com.google.android.gms:play-services-tagmanager-api:12.0.1] AndroidManifest.xml:29:13-35
158            android:exported="false" />
158-->[com.google.android.gms:play-services-tagmanager-api:12.0.1] AndroidManifest.xml:30:13-37
159
160        <activity
160-->[com.google.android.gms:play-services-tagmanager-api:12.0.1] AndroidManifest.xml:32:9-44:20
161            android:name="com.google.android.gms.tagmanager.TagManagerPreviewActivity"
161-->[com.google.android.gms:play-services-tagmanager-api:12.0.1] AndroidManifest.xml:33:13-87
162            android:exported="true"
162-->[com.google.android.gms:play-services-tagmanager-api:12.0.1] AndroidManifest.xml:34:13-36
163            android:noHistory="true" > <!-- optional, removes the previewActivity from the activity stack. -->
163-->[com.google.android.gms:play-services-tagmanager-api:12.0.1] AndroidManifest.xml:35:13-37
164            <intent-filter>
164-->[com.google.android.gms:play-services-tagmanager-api:12.0.1] AndroidManifest.xml:36:13-43:29
165                <data android:scheme="tagmanager.c.com.aromaingenuity.sauni" />
165-->[com.google.android.gms:play-services-tagmanager-api:12.0.1] AndroidManifest.xml:37:17-72
165-->[com.google.android.gms:play-services-tagmanager-api:12.0.1] AndroidManifest.xml:37:23-69
166
167                <action android:name="android.intent.action.VIEW" />
167-->[com.google.android.gms:play-services-tagmanager-api:12.0.1] AndroidManifest.xml:39:17-69
167-->[com.google.android.gms:play-services-tagmanager-api:12.0.1] AndroidManifest.xml:39:25-66
168
169                <category android:name="android.intent.category.DEFAULT" />
169-->[com.google.android.gms:play-services-appinvite:12.0.1] AndroidManifest.xml:32:17-76
169-->[com.google.android.gms:play-services-appinvite:12.0.1] AndroidManifest.xml:32:27-73
170                <category android:name="android.intent.category.BROWSABLE" />
170-->[com.google.android.gms:play-services-tagmanager-api:12.0.1] AndroidManifest.xml:42:17-78
170-->[com.google.android.gms:play-services-tagmanager-api:12.0.1] AndroidManifest.xml:42:27-75
171            </intent-filter>
172        </activity>
173
174        <receiver
174-->[com.google.firebase:firebase-analytics:12.0.1] AndroidManifest.xml:28:9-32:20
175            android:name="com.google.android.gms.measurement.AppMeasurementReceiver"
175-->[com.google.firebase:firebase-analytics:12.0.1] AndroidManifest.xml:29:13-85
176            android:enabled="true"
176-->[com.google.firebase:firebase-analytics:12.0.1] AndroidManifest.xml:30:13-35
177            android:exported="false" >
177-->[com.google.firebase:firebase-analytics:12.0.1] AndroidManifest.xml:31:13-37
178        </receiver>
179        <receiver
179-->[com.google.firebase:firebase-analytics:12.0.1] AndroidManifest.xml:33:9-41:20
180            android:name="com.google.android.gms.measurement.AppMeasurementInstallReferrerReceiver"
180-->[com.google.firebase:firebase-analytics:12.0.1] AndroidManifest.xml:34:13-100
181            android:enabled="true"
181-->[com.google.firebase:firebase-analytics:12.0.1] AndroidManifest.xml:35:13-35
182            android:exported="true"
182-->[com.google.firebase:firebase-analytics:12.0.1] AndroidManifest.xml:36:13-36
183            android:permission="android.permission.INSTALL_PACKAGES" >
183-->[com.google.firebase:firebase-analytics:12.0.1] AndroidManifest.xml:37:13-69
184            <intent-filter>
184-->[com.google.firebase:firebase-analytics:12.0.1] AndroidManifest.xml:38:13-40:29
185                <action android:name="com.android.vending.INSTALL_REFERRER" />
185-->[com.google.firebase:firebase-analytics:12.0.1] AndroidManifest.xml:39:17-79
185-->[com.google.firebase:firebase-analytics:12.0.1] AndroidManifest.xml:39:25-76
186            </intent-filter>
187        </receiver>
188
189        <service
189-->[com.google.firebase:firebase-analytics:12.0.1] AndroidManifest.xml:43:9-46:40
190            android:name="com.google.android.gms.measurement.AppMeasurementService"
190-->[com.google.firebase:firebase-analytics:12.0.1] AndroidManifest.xml:44:13-84
191            android:enabled="true"
191-->[com.google.firebase:firebase-analytics:12.0.1] AndroidManifest.xml:45:13-35
192            android:exported="false" />
192-->[com.google.firebase:firebase-analytics:12.0.1] AndroidManifest.xml:46:13-37
193        <service
193-->[com.google.firebase:firebase-analytics:12.0.1] AndroidManifest.xml:47:9-51:72
194            android:name="com.google.android.gms.measurement.AppMeasurementJobService"
194-->[com.google.firebase:firebase-analytics:12.0.1] AndroidManifest.xml:48:13-87
195            android:enabled="true"
195-->[com.google.firebase:firebase-analytics:12.0.1] AndroidManifest.xml:49:13-35
196            android:exported="false"
196-->[com.google.firebase:firebase-analytics:12.0.1] AndroidManifest.xml:50:13-37
197            android:permission="android.permission.BIND_JOB_SERVICE" />
197-->[com.google.firebase:firebase-analytics:12.0.1] AndroidManifest.xml:51:13-69
198
199        <receiver
199-->[com.google.firebase:firebase-iid:12.0.1] AndroidManifest.xml:35:9-44:20
200            android:name="com.google.firebase.iid.FirebaseInstanceIdReceiver"
200-->[com.google.firebase:firebase-iid:12.0.1] AndroidManifest.xml:36:13-78
201            android:exported="true"
201-->[com.google.firebase:firebase-iid:12.0.1] AndroidManifest.xml:37:13-36
202            android:permission="com.google.android.c2dm.permission.SEND" >
202-->[com.google.firebase:firebase-iid:12.0.1] AndroidManifest.xml:38:13-73
203            <intent-filter>
203-->[com.google.firebase:firebase-iid:12.0.1] AndroidManifest.xml:39:13-43:29
204                <action android:name="com.google.android.c2dm.intent.RECEIVE" />
204-->[com.google.firebase:firebase-iid:12.0.1] AndroidManifest.xml:40:17-81
204-->[com.google.firebase:firebase-iid:12.0.1] AndroidManifest.xml:40:25-78
205
206                <category android:name="com.aromaingenuity.sauni" />
206-->[com.google.firebase:firebase-iid:12.0.1] AndroidManifest.xml:42:17-61
206-->[com.google.firebase:firebase-iid:12.0.1] AndroidManifest.xml:42:27-58
207            </intent-filter>
208        </receiver>
209        <!--
210             FirebaseInstanceIdService performs security checks at runtime,
211             no need for explicit permissions despite exported="true"
212        -->
213        <service
213-->[com.google.firebase:firebase-iid:12.0.1] AndroidManifest.xml:50:9-56:19
214            android:name="com.google.firebase.iid.FirebaseInstanceIdService"
214-->[com.google.firebase:firebase-iid:12.0.1] AndroidManifest.xml:51:13-77
215            android:exported="true" >
215-->[com.google.firebase:firebase-iid:12.0.1] AndroidManifest.xml:52:13-36
216            <intent-filter android:priority="-500" >
216-->[com.google.firebase:firebase-iid:12.0.1] AndroidManifest.xml:53:13-55:29
216-->[com.google.firebase:firebase-iid:12.0.1] AndroidManifest.xml:53:28-51
217                <action android:name="com.google.firebase.INSTANCE_ID_EVENT" />
217-->[com.google.firebase:firebase-iid:12.0.1] AndroidManifest.xml:54:17-80
217-->[com.google.firebase:firebase-iid:12.0.1] AndroidManifest.xml:54:25-77
218            </intent-filter>
219        </service>
220
221        <provider
221-->[com.google.firebase:firebase-common:12.0.1] AndroidManifest.xml:8:9-12:39
222            android:name="com.google.firebase.provider.FirebaseInitProvider"
222-->[com.google.firebase:firebase-common:12.0.1] AndroidManifest.xml:9:13-77
223            android:authorities="com.aromaingenuity.sauni.firebaseinitprovider"
223-->[com.google.firebase:firebase-common:12.0.1] AndroidManifest.xml:10:13-72
224            android:exported="false"
224-->[com.google.firebase:firebase-common:12.0.1] AndroidManifest.xml:11:13-37
225            android:initOrder="100" />
225-->[com.google.firebase:firebase-common:12.0.1] AndroidManifest.xml:12:13-36
226
227        <meta-data
227-->[com.android.support:mediarouter-v7:26.1.0] AndroidManifest.xml:23:9-25:38
228            android:name="android.support.VERSION"
228-->[com.android.support:mediarouter-v7:26.1.0] AndroidManifest.xml:24:13-51
229            android:value="26.1.0" />
229-->[com.android.support:mediarouter-v7:26.1.0] AndroidManifest.xml:25:13-35
230        <meta-data
230-->[android.arch.lifecycle:runtime:1.0.0] AndroidManifest.xml:25:9-27:47
231            android:name="android.arch.lifecycle.VERSION"
231-->[android.arch.lifecycle:runtime:1.0.0] AndroidManifest.xml:26:13-58
232            android:value="27.0.0-SNAPSHOT" />
232-->[android.arch.lifecycle:runtime:1.0.0] AndroidManifest.xml:27:13-44
233    </application>
234
235</manifest>